<?xml version="1.0" encoding="UTF-8"?>
<!-- Generated by org.testng.reporters.JUnitXMLReporter -->
<testsuite ignored="0" hostname="DESKTOP-MICT8JE" failures="1" tests="3" name="Error Validations Test" time="19.608" errors="0" timestamp="2025-04-24T19:30:34 IST">
  <testcase classname="testProject.tests.ErrorValidationsTest" name="LoginErrorValidation" time="1.243">
    <skipped/>
  </testcase> <!-- LoginErrorValidation -->
  <testcase classname="testProject.tests.ErrorValidationsTest" name="LoginErrorValidation" time="0.664">
    <failure type="java.lang.AssertionError" message="expected [Incorrect email or password.] but found [Incorrect email aor password.]">
      <![CDATA[java.lang.AssertionError: expected [Incorrect email or password.] but found [Incorrect email aor password.]
at testProject.tests.ErrorValidationsTest.LoginErrorValidation(ErrorValidationsTest.java:18)
at java.base/java.util.ArrayList.forEach(ArrayList.java:1596)
at java.base/java.util.concurrent.FutureTask.run(FutureTask.java:317)
at java.base/java.util.concurrent.ThreadPoolExecutor.runWorker(ThreadPoolExecutor.java:1144)
at java.base/java.util.concurrent.ThreadPoolExecutor$Worker.run(ThreadPoolExecutor.java:642)
at java.base/java.lang.Thread.run(Thread.java:1583)
... Removed 21 stack frames]]>
    </failure>
  </testcase> <!-- LoginErrorValidation -->
  <testcase classname="testProject.tests.ErrorValidationsTest" name="ProductErrorValidation" time="3.538"/>
</testsuite> <!-- Error Validations Test -->
