<?xml version="1.0" encoding="UTF-8"?>
<!-- Generated by org.testng.reporters.JUnitXMLReporter -->
<testsuite ignored="0" hostname="DESKTOP-MICT8JE" failures="0" tests="3" name="Submit Order Test" time="24.153" errors="0" timestamp="2025-04-24T19:30:38 IST">
  <testcase classname="testProject.tests.SubmitOrderTest" name="submitOrder" time="5.472"/>
  <testcase classname="testProject.tests.SubmitOrderTest" name="submitOrder" time="4.491"/>
  <testcase classname="testProject.tests.SubmitOrderTest" name="OrderHistoryTest" time="0.808"/>
</testsuite> <!-- Submit Order Test -->
