<?xml version="1.0" encoding="UTF-8"?>
<testng-results ignored="0" total="0" passed="0" failed="0" skipped="0">
  <reporter-output>
  </reporter-output>
  <suite started-at="2026-01-08T09:50:55 IST" name="Suite" finished-at="2026-01-08T09:50:55 IST" duration-ms="14">
    <groups>
    </groups>
    <test started-at="2026-01-08T09:50:55 IST" name="Submit Order Test" finished-at="2026-01-08T09:50:55 IST" duration-ms="14">
    </test> <!-- Submit Order Test -->
    <test started-at="2026-01-08T09:50:55 IST" name="Error Validations Test" finished-at="2026-01-08T09:50:55 IST" duration-ms="14">
    </test> <!-- Error Validations Test -->
  </suite> <!-- Suite -->
</testng-results>
