<?xml version="1.0" encoding="UTF-8"?>
<!-- Generated by org.testng.reporters.JUnitReportReporter -->
<testsuite hostname="DESKTOP-MICT8JE" failures="0" tests="3" name="testProject.tests.SubmitOrderTest" time="23.844" errors="0" timestamp="2025-04-24T19:30:38 IST" skipped="0">
  <testcase classname="testProject.tests.SubmitOrderTest" name="submitOrder" time="11.817"/>
  <testcase classname="testProject.tests.SubmitOrderTest" name="submitOrder" time="9.044"/>
  <testcase classname="testProject.tests.SubmitOrderTest" name="OrderHistoryTest" time="2.983"/>
</testsuite> <!-- testProject.tests.SubmitOrderTest -->
